{"/Users/sergeiliddell/greenfield/ratings-and-reviews_service/client/src/components/App.jsx": {"path":"/Users/sergeiliddell/greenfield/ratings-and-reviews_service/client/src/components/App.jsx","statementMap":{"0":{"start":{"line":3,"column":12},"end":{"line":7,"column":1}},"1":{"start":{"line":4,"column":2},"end":{"line":6,"column":8}}},"fnMap":{"0":{"name":"(anonymous_0)","decl":{"start":{"line":3,"column":12},"end":{"line":3,"column":13}},"loc":{"start":{"line":4,"column":2},"end":{"line":6,"column":8}},"line":4}},"branchMap":{},"s":{"0":1,"1":1},"f":{"0":1},"b":{},"_coverageSchema":"1a1c01bbd47fc00a2c39e90264f33305004495a9","hash":"c4b70f236d3532e0424afed9fc51e1370d8fc07d"}
}
